[0511/165751.024:ERROR:process_memory_win.cc(73)] ReadMemory at 0x7ff6b2f30000 of 64 bytes failed: 仅完成部分的 ReadProcessMemory 或 WriteProcessMemory 请求。 (0x12B)
[0511/165751.028:WARNING:pe_image_reader.cc(340)] could not read dos header from C:\Program Files (x86)\Google\Chrome\Application\chrome.exe
[0511/165751.028:ERROR:process_memory_win.cc(73)] ReadMemory at 0x7ffdf4c00000 of 64 bytes failed: 仅完成部分的 ReadProcessMemory 或 WriteProcessMemory 请求。 (0x12B)
[0511/165751.028:WARNING:pe_image_reader.cc(340)] could not read dos header from C:\WINDOWS\SYSTEM32\ntdll.dll
[0511/165751.028:ERROR:process_memory_win.cc(73)] ReadMemory at 0x7ffdf35e0000 of 64 bytes failed: 仅完成部分的 ReadProcessMemory 或 WriteProcessMemory 请求。 (0x12B)
[0511/165751.028:WARNING:pe_image_reader.cc(340)] could not read dos header from C:\WINDOWS\System32\KERNEL32.DLL
[0511/165751.028:ERROR:process_memory_win.cc(73)] ReadMemory at 0x7ffdf2380000 of 64 bytes failed: 仅完成部分的 ReadProcessMemory 或 WriteProcessMemory 请求。 (0x12B)
[0511/165751.028:WARNING:pe_image_reader.cc(340)] could not read dos header from C:\WINDOWS\System32\KERNELBASE.dll
[0511/165751.028:ERROR:process_memory_win.cc(73)] ReadMemory at 0x7ffdb9690000 of 64 bytes failed: 仅完成部分的 ReadProcessMemory 或 WriteProcessMemory 请求。 (0x12B)
[0511/165751.028:WARNING:pe_image_reader.cc(340)] could not read dos header from C:\Program Files (x86)\Google\Chrome\Application\80.0.3987.149\chrome_elf.dll
[0511/165751.028:ERROR:process_memory_win.cc(73)] ReadMemory at 0x7ffde7c00000 of 64 bytes failed: 仅完成部分的 ReadProcessMemory 或 WriteProcessMemory 请求。 (0x12B)
[0511/165751.028:WARNING:pe_image_reader.cc(340)] could not read dos header from C:\WINDOWS\SYSTEM32\VERSION.dll
[0511/165751.028:ERROR:process_memory_win.cc(73)] ReadMemory at 0x7ffdf39d0000 of 64 bytes failed: 仅完成部分的 ReadProcessMemory 或 WriteProcessMemory 请求。 (0x12B)
[0511/165751.028:WARNING:pe_image_reader.cc(340)] could not read dos header from C:\WINDOWS\System32\msvcrt.dll
[0511/165751.028:ERROR:process_memory_win.cc(73)] ReadMemory at 0x7ffdf2c00000 of 64 bytes failed: 仅完成部分的 ReadProcessMemory 或 WriteProcessMemory 请求。 (0x12B)
[0511/165751.028:WARNING:pe_image_reader.cc(340)] could not read dos header from C:\WINDOWS\System32\bcryptPrimitives.dll
[0511/165751.028:ERROR:process_memory_win.cc(73)] ReadMemory at 0x7ffdf3920000 of 64 bytes failed: 仅完成部分的 ReadProcessMemory 或 WriteProcessMemory 请求。 (0x12B)
[0511/165751.029:WARNING:pe_image_reader.cc(340)] could not read dos header from C:\WINDOWS\System32\ADVAPI32.dll
[0511/165751.029:ERROR:process_memory_win.cc(73)] ReadMemory at 0x7ffdf4620000 of 64 bytes failed: 仅完成部分的 ReadProcessMemory 或 WriteProcessMemory 请求。 (0x12B)
[0511/165751.029:WARNING:pe_image_reader.cc(340)] could not read dos header from C:\WINDOWS\System32\sechost.dll
[0511/165751.029:ERROR:process_memory_win.cc(73)] ReadMemory at 0x7ffdf3de0000 of 64 bytes failed: 仅完成部分的 ReadProcessMemory 或 WriteProcessMemory 请求。 (0x12B)
[0511/165751.029:WARNING:pe_image_reader.cc(340)] could not read dos header from C:\WINDOWS\System32\RPCRT4.dll
[0511/165751.029:ERROR:process_memory_win.cc(73)] ReadMemory at 0x7ffda93b0000 of 64 bytes failed: 仅完成部分的 ReadProcessMemory 或 WriteProcessMemory 请求。 (0x12B)
[0511/165751.029:WARNING:pe_image_reader.cc(340)] could not read dos header from C:\Program Files (x86)\Google\Chrome\Application\80.0.3987.149\chrome.dll
[0511/165751.029:ERROR:process_memory_win.cc(73)] ReadMemory at 0x7ffdf3f00000 of 64 bytes failed: 仅完成部分的 ReadProcessMemory 或 WriteProcessMemory 请求。 (0x12B)
[0511/165751.029:WARNING:pe_image_reader.cc(340)] could not read dos header from C:\WINDOWS\System32\WS2_32.dll
[0511/165751.029:ERROR:process_memory_win.cc(73)] ReadMemory at 0x7ffdf4540000 of 64 bytes failed: 仅完成部分的 ReadProcessMemory 或 WriteProcessMemory 请求。 (0x12B)
[0511/165751.029:WARNING:pe_image_reader.cc(340)] could not read dos header from C:\WINDOWS\System32\OLEAUT32.dll
[0511/165751.029:ERROR:process_memory_win.cc(73)] ReadMemory at 0x7ffdf29c0000 of 64 bytes failed: 仅完成部分的 ReadProcessMemory 或 WriteProcessMemory 请求。 (0x12B)
[0511/165751.029:WARNING:pe_image_reader.cc(340)] could not read dos header from C:\WINDOWS\System32\msvcp_win.dll
[0511/165751.029:ERROR:process_memory_win.cc(73)] ReadMemory at 0x7ffdf2860000 of 64 bytes failed: 仅完成部分的 ReadProcessMemory 或 WriteProcessMemory 请求。 (0x12B)
[0511/165751.029:WARNING:pe_image_reader.cc(340)] could not read dos header from C:\WINDOWS\System32\ucrtbase.dll
[0511/165751.029:ERROR:process_memory_win.cc(73)] ReadMemory at 0x7ffdf3aa0000 of 64 bytes failed: 仅完成部分的 ReadProcessMemory 或 WriteProcessMemory 请求。 (0x12B)
[0511/165751.029:WARNING:pe_image_reader.cc(340)] could not read dos header from C:\WINDOWS\System32\combase.dll
[0511/165751.029:ERROR:process_memory_win.cc(73)] ReadMemory at 0x7ffdf2960000 of 64 bytes failed: 仅完成部分的 ReadProcessMemory 或 WriteProcessMemory 请求。 (0x12B)
[0511/165751.029:WARNING:pe_image_reader.cc(340)] could not read dos header from C:\WINDOWS\System32\WINTRUST.dll
[0511/165751.029:ERROR:process_memory_win.cc(73)] ReadMemory at 0x7ffdf1ad0000 of 64 bytes failed: 仅完成部分的 ReadProcessMemory 或 WriteProcessMemory 请求。 (0x12B)
[0511/165751.029:WARNING:pe_image_reader.cc(340)] could not read dos header from C:\WINDOWS\System32\MSASN1.dll
[0511/165751.029:ERROR:process_memory_win.cc(73)] ReadMemory at 0x7ffdf2660000 of 64 bytes failed: 仅完成部分的 ReadProcessMemory 或 WriteProcessMemory 请求。 (0x12B)
[0511/165751.029:WARNING:pe_image_reader.cc(340)] could not read dos header from C:\WINDOWS\System32\CRYPT32.dll
[0511/165751.029:ERROR:process_memory_win.cc(73)] ReadMemory at 0x7ffdf1010000 of 64 bytes failed: 仅完成部分的 ReadProcessMemory 或 WriteProcessMemory 请求。 (0x12B)
[0511/165751.029:WARNING:pe_image_reader.cc(340)] could not read dos header from C:\WINDOWS\SYSTEM32\IPHLPAPI.DLL
[0511/165751.029:ERROR:process_memory_win.cc(73)] ReadMemory at 0x7ffdec280000 of 64 bytes failed: 仅完成部分的 ReadProcessMemory 或 WriteProcessMemory 请求。 (0x12B)
[0511/165751.029:WARNING:pe_image_reader.cc(340)] could not read dos header from C:\WINDOWS\SYSTEM32\WINMM.dll
[0511/165751.030:ERROR:process_memory_win.cc(73)] ReadMemory at 0x7ffdd8a00000 of 64 bytes failed: 仅完成部分的 ReadProcessMemory 或 WriteProcessMemory 请求。 (0x12B)
[0511/165751.030:WARNING:pe_image_reader.cc(340)] could not read dos header from C:\WINDOWS\SYSTEM32\Secur32.dll
[0511/165751.030:ERROR:process_memory_win.cc(73)] ReadMemory at 0x7ffdf19e0000 of 64 bytes failed: 仅完成部分的 ReadProcessMemory 或 WriteProcessMemory 请求。 (0x12B)
[0511/165751.030:WARNING:pe_image_reader.cc(340)] could not read dos header from C:\WINDOWS\SYSTEM32\USERENV.dll
[0511/165751.030:ERROR:process_memory_win.cc(73)] ReadMemory at 0x7ffdf1b60000 of 64 bytes failed: 仅完成部分的 ReadProcessMemory 或 WriteProcessMemory 请求。 (0x12B)
[0511/165751.030:WARNING:pe_image_reader.cc(340)] could not read dos header from C:\WINDOWS\System32\profapi.dll
[0511/165751.030:ERROR:process_memory_win.cc(73)] ReadMemory at 0x7ffdc57f0000 of 64 bytes failed: 仅完成部分的 ReadProcessMemory 或 WriteProcessMemory 请求。 (0x12B)
[0511/165751.030:WARNING:pe_image_reader.cc(340)] could not read dos header from C:\WINDOWS\SYSTEM32\UIAutomationCore.DLL
[0511/165751.030:ERROR:process_memory_win.cc(73)] ReadMemory at 0x7ffdde790000 of 64 bytes failed: 仅完成部分的 ReadProcessMemory 或 WriteProcessMemory 请求。 (0x12B)
[0511/165751.030:WARNING:pe_image_reader.cc(340)] could not read dos header from C:\WINDOWS\SYSTEM32\DWrite.dll
[0511/165751.030:ERROR:process_memory_win.cc(73)] ReadMemory at 0x7ffdde2c0000 of 64 bytes failed: 仅完成部分的 ReadProcessMemory 或 WriteProcessMemory 请求。 (0x12B)
[0511/165751.030:WARNING:pe_image_reader.cc(340)] could not read dos header from C:\WINDOWS\SYSTEM32\WINSPOOL.DRV
[0511/165751.030:ERROR:process_memory_win.cc(73)] ReadMemory at 0x7ffdf1af0000 of 64 bytes failed: 仅完成部分的 ReadProcessMemory 或 WriteProcessMemory 请求。 (0x12B)
[0511/165751.030:WARNING:pe_image_reader.cc(340)] could not read dos header from C:\WINDOWS\System32\kernel.appcore.dll
[0511/165751.030:ERROR:process_memory_win.cc(73)] ReadMemory at 0x7ffdf2630000 of 64 bytes failed: 仅完成部分的 ReadProcessMemory 或 WriteProcessMemory 请求。 (0x12B)
[0511/165751.030:WARNING:pe_image_reader.cc(340)] could not read dos header from C:\WINDOWS\System32\bcrypt.dll
[0511/165751.030:ERROR:process_memory_win.cc(73)] ReadMemory at 0x7ffdf03d0000 of 64 bytes failed: 仅完成部分的 ReadProcessMemory 或 WriteProcessMemory 请求。 (0x12B)
[0511/165751.030:WARNING:pe_image_reader.cc(340)] could not read dos header from C:\WINDOWS\SYSTEM32\dbghelp.dll
[0511/165751.030:ERROR:process_memory_win.cc(73)] ReadMemory at 0x7ffdddaf0000 of 64 bytes failed: 仅完成部分的 ReadProcessMemory 或 WriteProcessMemory 请求。 (0x12B)
[0511/165751.030:WARNING:pe_image_reader.cc(340)] could not read dos header from C:\WINDOWS\SYSTEM32\WINHTTP.dll
[0511/165751.030:ERROR:process_memory_win.cc(73)] ReadMemory at 0x7ffde6670000 of 64 bytes failed: 仅完成部分的 ReadProcessMemory 或 WriteProcessMemory 请求。 (0x12B)
[0511/165751.030:WARNING:pe_image_reader.cc(340)] could not read dos header from C:\WINDOWS\SYSTEM32\dhcpcsvc.DLL
[0511/165751.030:ERROR:process_memory_win.cc(73)] ReadMemory at 0x7ffdf3420000 of 64 bytes failed: 仅完成部分的 ReadProcessMemory 或 WriteProcessMemory 请求。 (0x12B)
[0511/165751.030:WARNING:pe_image_reader.cc(340)] could not read dos header from C:\WINDOWS\System32\NSI.dll
[0511/165751.030:ERROR:process_memory_win.cc(73)] ReadMemory at 0x7ffdebab0000 of 64 bytes failed: 仅完成部分的 ReadProcessMemory 或 WriteProcessMemory 请求。 (0x12B)
[0511/165751.030:WARNING:pe_image_reader.cc(340)] could not read dos header from C:\WINDOWS\SYSTEM32\WINMMBASE.dll
[0511/165751.030:ERROR:process_memory_win.cc(73)] ReadMemory at 0x7ffdf1b90000 of 64 bytes failed: 仅完成部分的 ReadProcessMemory 或 WriteProcessMemory 请求。 (0x12B)
[0511/165751.030:WARNING:pe_image_reader.cc(340)] could not read dos header from C:\WINDOWS\System32\cfgmgr32.dll
[0511/165751.031:ERROR:process_memory_win.cc(73)] ReadMemory at 0x7ffdef9a0000 of 64 bytes failed: 仅完成部分的 ReadProcessMemory 或 WriteProcessMemory 请求。 (0x12B)
[0511/165751.031:WARNING:pe_image_reader.cc(340)] could not read dos header from C:\WINDOWS\SYSTEM32\PROPSYS.dll
[0511/165751.031:ERROR:process_memory_win.cc(73)] ReadMemory at 0x7ffdf3870000 of 64 bytes failed: 仅完成部分的 ReadProcessMemory 或 WriteProcessMemory 请求。 (0x12B)
[0511/165751.031:WARNING:pe_image_reader.cc(340)] could not read dos header from C:\WINDOWS\System32\shcore.dll
[0511/165751.031:ERROR:process_memory_win.cc(73)] ReadMemory at 0x7ffdf19b0000 of 64 bytes failed: 仅完成部分的 ReadProcessMemory 或 WriteProcessMemory 请求。 (0x12B)
[0511/165751.031:WARNING:pe_image_reader.cc(340)] could not read dos header from C:\WINDOWS\SYSTEM32\SSPICLI.DLL
[0511/165751.031:ERROR:process_memory_win.cc(73)] ReadMemory at 0x7ffdf14d0000 of 64 bytes failed: 仅完成部分的 ReadProcessMemory 或 WriteProcessMemory 请求。 (0x12B)
[0511/165751.031:WARNING:pe_image_reader.cc(340)] could not read dos header from C:\WINDOWS\SYSTEM32\CRYPTBASE.DLL
[0511/165751.031:ERROR:process_memory_win.cc(73)] ReadMemory at 0x7ff6b2f30000 of 64 bytes failed: 仅完成部分的 ReadProcessMemory 或 WriteProcessMemory 请求。 (0x12B)
[0511/165751.031:WARNING:pe_image_reader.cc(340)] could not read dos header from C:\Program Files (x86)\Google\Chrome\Application\chrome.exe
[0511/165751.031:ERROR:process_memory_win.cc(73)] ReadMemory at 0x7ffdf4c00000 of 64 bytes failed: 仅完成部分的 ReadProcessMemory 或 WriteProcessMemory 请求。 (0x12B)
[0511/165751.031:WARNING:pe_image_reader.cc(340)] could not read dos header from C:\WINDOWS\SYSTEM32\ntdll.dll
[0511/165751.031:ERROR:process_memory_win.cc(73)] ReadMemory at 0x7ffdf35e0000 of 64 bytes failed: 仅完成部分的 ReadProcessMemory 或 WriteProcessMemory 请求。 (0x12B)
[0511/165751.031:WARNING:pe_image_reader.cc(340)] could not read dos header from C:\WINDOWS\System32\KERNEL32.DLL
[0511/165751.031:ERROR:process_memory_win.cc(73)] ReadMemory at 0x7ffdf2380000 of 64 bytes failed: 仅完成部分的 ReadProcessMemory 或 WriteProcessMemory 请求。 (0x12B)
[0511/165751.031:WARNING:pe_image_reader.cc(340)] could not read dos header from C:\WINDOWS\System32\KERNELBASE.dll
[0511/165751.031:ERROR:process_memory_win.cc(73)] ReadMemory at 0x7ffdb9690000 of 64 bytes failed: 仅完成部分的 ReadProcessMemory 或 WriteProcessMemory 请求。 (0x12B)
[0511/165751.031:WARNING:pe_image_reader.cc(340)] could not read dos header from C:\Program Files (x86)\Google\Chrome\Application\80.0.3987.149\chrome_elf.dll
[0511/165751.031:ERROR:process_memory_win.cc(73)] ReadMemory at 0x7ffde7c00000 of 64 bytes failed: 仅完成部分的 ReadProcessMemory 或 WriteProcessMemory 请求。 (0x12B)
[0511/165751.031:WARNING:pe_image_reader.cc(340)] could not read dos header from C:\WINDOWS\SYSTEM32\VERSION.dll
[0511/165751.031:ERROR:process_memory_win.cc(73)] ReadMemory at 0x7ffdf39d0000 of 64 bytes failed: 仅完成部分的 ReadProcessMemory 或 WriteProcessMemory 请求。 (0x12B)
[0511/165751.031:WARNING:pe_image_reader.cc(340)] could not read dos header from C:\WINDOWS\System32\msvcrt.dll
[0511/165751.031:ERROR:process_memory_win.cc(73)] ReadMemory at 0x7ffdf2c00000 of 64 bytes failed: 仅完成部分的 ReadProcessMemory 或 WriteProcessMemory 请求。 (0x12B)
[0511/165751.031:WARNING:pe_image_reader.cc(340)] could not read dos header from C:\WINDOWS\System32\bcryptPrimitives.dll
[0511/165751.031:ERROR:process_memory_win.cc(73)] ReadMemory at 0x7ffdf3920000 of 64 bytes failed: 仅完成部分的 ReadProcessMemory 或 WriteProcessMemory 请求。 (0x12B)
[0511/165751.031:WARNING:pe_image_reader.cc(340)] could not read dos header from C:\WINDOWS\System32\ADVAPI32.dll
[0511/165751.031:ERROR:process_memory_win.cc(73)] ReadMemory at 0x7ffdf4620000 of 64 bytes failed: 仅完成部分的 ReadProcessMemory 或 WriteProcessMemory 请求。 (0x12B)
[0511/165751.031:WARNING:pe_image_reader.cc(340)] could not read dos header from C:\WINDOWS\System32\sechost.dll
[0511/165751.031:ERROR:process_memory_win.cc(73)] ReadMemory at 0x7ffdf3de0000 of 64 bytes failed: 仅完成部分的 ReadProcessMemory 或 WriteProcessMemory 请求。 (0x12B)
[0511/165751.031:WARNING:pe_image_reader.cc(340)] could not read dos header from C:\WINDOWS\System32\RPCRT4.dll
[0511/165751.031:ERROR:process_memory_win.cc(73)] ReadMemory at 0x7ffda93b0000 of 64 bytes failed: 仅完成部分的 ReadProcessMemory 或 WriteProcessMemory 请求。 (0x12B)
[0511/165751.032:WARNING:pe_image_reader.cc(340)] could not read dos header from C:\Program Files (x86)\Google\Chrome\Application\80.0.3987.149\chrome.dll
[0511/165751.032:ERROR:process_memory_win.cc(73)] ReadMemory at 0x7ffdf3f00000 of 64 bytes failed: 仅完成部分的 ReadProcessMemory 或 WriteProcessMemory 请求。 (0x12B)
[0511/165751.032:WARNING:pe_image_reader.cc(340)] could not read dos header from C:\WINDOWS\System32\WS2_32.dll
[0511/165751.032:ERROR:process_memory_win.cc(73)] ReadMemory at 0x7ffdf4540000 of 64 bytes failed: 仅完成部分的 ReadProcessMemory 或 WriteProcessMemory 请求。 (0x12B)
[0511/165751.032:WARNING:pe_image_reader.cc(340)] could not read dos header from C:\WINDOWS\System32\OLEAUT32.dll
[0511/165751.032:ERROR:process_memory_win.cc(73)] ReadMemory at 0x7ffdf29c0000 of 64 bytes failed: 仅完成部分的 ReadProcessMemory 或 WriteProcessMemory 请求。 (0x12B)
[0511/165751.032:WARNING:pe_image_reader.cc(340)] could not read dos header from C:\WINDOWS\System32\msvcp_win.dll
[0511/165751.032:ERROR:process_memory_win.cc(73)] ReadMemory at 0x7ffdf2860000 of 64 bytes failed: 仅完成部分的 ReadProcessMemory 或 WriteProcessMemory 请求。 (0x12B)
[0511/165751.032:WARNING:pe_image_reader.cc(340)] could not read dos header from C:\WINDOWS\System32\ucrtbase.dll
[0511/165751.032:ERROR:process_memory_win.cc(73)] ReadMemory at 0x7ffdf3aa0000 of 64 bytes failed: 仅完成部分的 ReadProcessMemory 或 WriteProcessMemory 请求。 (0x12B)
[0511/165751.032:WARNING:pe_image_reader.cc(340)] could not read dos header from C:\WINDOWS\System32\combase.dll
[0511/165751.032:ERROR:process_memory_win.cc(73)] ReadMemory at 0x7ffdf2960000 of 64 bytes failed: 仅完成部分的 ReadProcessMemory 或 WriteProcessMemory 请求。 (0x12B)
[0511/165751.032:WARNING:pe_image_reader.cc(340)] could not read dos header from C:\WINDOWS\System32\WINTRUST.dll
[0511/165751.032:ERROR:process_memory_win.cc(73)] ReadMemory at 0x7ffdf1ad0000 of 64 bytes failed: 仅完成部分的 ReadProcessMemory 或 WriteProcessMemory 请求。 (0x12B)
[0511/165751.032:WARNING:pe_image_reader.cc(340)] could not read dos header from C:\WINDOWS\System32\MSASN1.dll
[0511/165751.032:ERROR:process_memory_win.cc(73)] ReadMemory at 0x7ffdf2660000 of 64 bytes failed: 仅完成部分的 ReadProcessMemory 或 WriteProcessMemory 请求。 (0x12B)
[0511/165751.032:WARNING:pe_image_reader.cc(340)] could not read dos header from C:\WINDOWS\System32\CRYPT32.dll
[0511/165751.032:ERROR:process_memory_win.cc(73)] ReadMemory at 0x7ffdf1010000 of 64 bytes failed: 仅完成部分的 ReadProcessMemory 或 WriteProcessMemory 请求。 (0x12B)
[0511/165751.032:WARNING:pe_image_reader.cc(340)] could not read dos header from C:\WINDOWS\SYSTEM32\IPHLPAPI.DLL
[0511/165751.032:ERROR:process_memory_win.cc(73)] ReadMemory at 0x7ffdec280000 of 64 bytes failed: 仅完成部分的 ReadProcessMemory 或 WriteProcessMemory 请求。 (0x12B)
[0511/165751.032:WARNING:pe_image_reader.cc(340)] could not read dos header from C:\WINDOWS\SYSTEM32\WINMM.dll
[0511/165751.032:ERROR:process_memory_win.cc(73)] ReadMemory at 0x7ffdd8a00000 of 64 bytes failed: 仅完成部分的 ReadProcessMemory 或 WriteProcessMemory 请求。 (0x12B)
[0511/165751.032:WARNING:pe_image_reader.cc(340)] could not read dos header from C:\WINDOWS\SYSTEM32\Secur32.dll
[0511/165751.032:ERROR:process_memory_win.cc(73)] ReadMemory at 0x7ffdf19e0000 of 64 bytes failed: 仅完成部分的 ReadProcessMemory 或 WriteProcessMemory 请求。 (0x12B)
[0511/165751.032:WARNING:pe_image_reader.cc(340)] could not read dos header from C:\WINDOWS\SYSTEM32\USERENV.dll
[0511/165751.032:ERROR:process_memory_win.cc(73)] ReadMemory at 0x7ffdf1b60000 of 64 bytes failed: 仅完成部分的 ReadProcessMemory 或 WriteProcessMemory 请求。 (0x12B)
[0511/165751.032:WARNING:pe_image_reader.cc(340)] could not read dos header from C:\WINDOWS\System32\profapi.dll
[0511/165751.032:ERROR:process_memory_win.cc(73)] ReadMemory at 0x7ffdc57f0000 of 64 bytes failed: 仅完成部分的 ReadProcessMemory 或 WriteProcessMemory 请求。 (0x12B)
[0511/165751.032:WARNING:pe_image_reader.cc(340)] could not read dos header from C:\WINDOWS\SYSTEM32\UIAutomationCore.DLL
[0511/165751.033:ERROR:process_memory_win.cc(73)] ReadMemory at 0x7ffdde790000 of 64 bytes failed: 仅完成部分的 ReadProcessMemory 或 WriteProcessMemory 请求。 (0x12B)
[0511/165751.033:WARNING:pe_image_reader.cc(340)] could not read dos header from C:\WINDOWS\SYSTEM32\DWrite.dll
[0511/165751.033:ERROR:process_memory_win.cc(73)] ReadMemory at 0x7ffdde2c0000 of 64 bytes failed: 仅完成部分的 ReadProcessMemory 或 WriteProcessMemory 请求。 (0x12B)
[0511/165751.033:WARNING:pe_image_reader.cc(340)] could not read dos header from C:\WINDOWS\SYSTEM32\WINSPOOL.DRV
[0511/165751.033:ERROR:process_memory_win.cc(73)] ReadMemory at 0x7ffdf1af0000 of 64 bytes failed: 仅完成部分的 ReadProcessMemory 或 WriteProcessMemory 请求。 (0x12B)
[0511/165751.033:WARNING:pe_image_reader.cc(340)] could not read dos header from C:\WINDOWS\System32\kernel.appcore.dll
[0511/165751.033:ERROR:process_memory_win.cc(73)] ReadMemory at 0x7ffdf2630000 of 64 bytes failed: 仅完成部分的 ReadProcessMemory 或 WriteProcessMemory 请求。 (0x12B)
[0511/165751.033:WARNING:pe_image_reader.cc(340)] could not read dos header from C:\WINDOWS\System32\bcrypt.dll
[0511/165751.033:ERROR:process_memory_win.cc(73)] ReadMemory at 0x7ffdf03d0000 of 64 bytes failed: 仅完成部分的 ReadProcessMemory 或 WriteProcessMemory 请求。 (0x12B)
[0511/165751.033:WARNING:pe_image_reader.cc(340)] could not read dos header from C:\WINDOWS\SYSTEM32\dbghelp.dll
[0511/165751.033:ERROR:process_memory_win.cc(73)] ReadMemory at 0x7ffdddaf0000 of 64 bytes failed: 仅完成部分的 ReadProcessMemory 或 WriteProcessMemory 请求。 (0x12B)
[0511/165751.033:WARNING:pe_image_reader.cc(340)] could not read dos header from C:\WINDOWS\SYSTEM32\WINHTTP.dll
[0511/165751.033:ERROR:process_memory_win.cc(73)] ReadMemory at 0x7ffde6670000 of 64 bytes failed: 仅完成部分的 ReadProcessMemory 或 WriteProcessMemory 请求。 (0x12B)
[0511/165751.033:WARNING:pe_image_reader.cc(340)] could not read dos header from C:\WINDOWS\SYSTEM32\dhcpcsvc.DLL
[0511/165751.033:ERROR:process_memory_win.cc(73)] ReadMemory at 0x7ffdf3420000 of 64 bytes failed: 仅完成部分的 ReadProcessMemory 或 WriteProcessMemory 请求。 (0x12B)
[0511/165751.033:WARNING:pe_image_reader.cc(340)] could not read dos header from C:\WINDOWS\System32\NSI.dll
[0511/165751.033:ERROR:process_memory_win.cc(73)] ReadMemory at 0x7ffdebab0000 of 64 bytes failed: 仅完成部分的 ReadProcessMemory 或 WriteProcessMemory 请求。 (0x12B)
[0511/165751.033:WARNING:pe_image_reader.cc(340)] could not read dos header from C:\WINDOWS\SYSTEM32\WINMMBASE.dll
[0511/165751.033:ERROR:process_memory_win.cc(73)] ReadMemory at 0x7ffdf1b90000 of 64 bytes failed: 仅完成部分的 ReadProcessMemory 或 WriteProcessMemory 请求。 (0x12B)
[0511/165751.033:WARNING:pe_image_reader.cc(340)] could not read dos header from C:\WINDOWS\System32\cfgmgr32.dll
[0511/165751.033:ERROR:process_memory_win.cc(73)] ReadMemory at 0x7ffdef9a0000 of 64 bytes failed: 仅完成部分的 ReadProcessMemory 或 WriteProcessMemory 请求。 (0x12B)
[0511/165751.033:WARNING:pe_image_reader.cc(340)] could not read dos header from C:\WINDOWS\SYSTEM32\PROPSYS.dll
[0511/165751.033:ERROR:process_memory_win.cc(73)] ReadMemory at 0x7ffdf3870000 of 64 bytes failed: 仅完成部分的 ReadProcessMemory 或 WriteProcessMemory 请求。 (0x12B)
[0511/165751.033:WARNING:pe_image_reader.cc(340)] could not read dos header from C:\WINDOWS\System32\shcore.dll
[0511/165751.033:ERROR:process_memory_win.cc(73)] ReadMemory at 0x7ffdf19b0000 of 64 bytes failed: 仅完成部分的 ReadProcessMemory 或 WriteProcessMemory 请求。 (0x12B)
[0511/165751.033:WARNING:pe_image_reader.cc(340)] could not read dos header from C:\WINDOWS\SYSTEM32\SSPICLI.DLL
[0511/165751.033:ERROR:process_memory_win.cc(73)] ReadMemory at 0x7ffdf14d0000 of 64 bytes failed: 仅完成部分的 ReadProcessMemory 或 WriteProcessMemory 请求。 (0x12B)
[0511/165751.033:WARNING:pe_image_reader.cc(340)] could not read dos header from C:\WINDOWS\SYSTEM32\CRYPTBASE.DLL
[0511/165751.039:ERROR:process_memory_win.cc(73)] ReadMemory at 0xdaa9ff9000 of 28672 bytes failed: 仅完成部分的 ReadProcessMemory 或 WriteProcessMemory 请求。 (0x12B)
[0511/165751.039:ERROR:process_memory_win.cc(73)] ReadMemory at 0xdaaa7fd000 of 12288 bytes failed: 仅完成部分的 ReadProcessMemory 或 WriteProcessMemory 请求。 (0x12B)
[0511/165751.039:ERROR:process_memory_win.cc(73)] ReadMemory at 0xdaaaffd000 of 12288 bytes failed: 仅完成部分的 ReadProcessMemory 或 WriteProcessMemory 请求。 (0x12B)
[0511/165751.039:ERROR:process_memory_win.cc(73)] ReadMemory at 0xdaab7fd000 of 12288 bytes failed: 仅完成部分的 ReadProcessMemory 或 WriteProcessMemory 请求。 (0x12B)
[0511/165751.040:ERROR:process_memory_win.cc(73)] ReadMemory at 0xdaabffc000 of 16384 bytes failed: 仅完成部分的 ReadProcessMemory 或 WriteProcessMemory 请求。 (0x12B)
[0511/165751.040:ERROR:process_memory_win.cc(73)] ReadMemory at 0xdaac7fe000 of 8192 bytes failed: 仅完成部分的 ReadProcessMemory 或 WriteProcessMemory 请求。 (0x12B)
[0511/165751.040:ERROR:process_memory_win.cc(73)] ReadMemory at 0xdaacffd000 of 12288 bytes failed: 仅完成部分的 ReadProcessMemory 或 WriteProcessMemory 请求。 (0x12B)
[0511/165751.040:ERROR:process_memory_win.cc(73)] ReadMemory at 0xdaad7fd000 of 12288 bytes failed: 仅完成部分的 ReadProcessMemory 或 WriteProcessMemory 请求。 (0x12B)
[0511/165751.040:ERROR:process_memory_win.cc(73)] ReadMemory at 0xdaadffd000 of 12288 bytes failed: 仅完成部分的 ReadProcessMemory 或 WriteProcessMemory 请求。 (0x12B)
[0511/165751.040:ERROR:process_memory_win.cc(73)] ReadMemory at 0xdaae7fd000 of 12288 bytes failed: 仅完成部分的 ReadProcessMemory 或 WriteProcessMemory 请求。 (0x12B)
[0511/165751.040:ERROR:process_memory_win.cc(73)] ReadMemory at 0xdaaeffd000 of 12288 bytes failed: 仅完成部分的 ReadProcessMemory 或 WriteProcessMemory 请求。 (0x12B)
[0511/165751.040:ERROR:process_memory_win.cc(73)] ReadMemory at 0xdaaf7fd000 of 12288 bytes failed: 仅完成部分的 ReadProcessMemory 或 WriteProcessMemory 请求。 (0x12B)
[0511/165751.040:ERROR:process_memory_win.cc(73)] ReadMemory at 0xdaafffd000 of 12288 bytes failed: 仅完成部分的 ReadProcessMemory 或 WriteProcessMemory 请求。 (0x12B)
[0511/165751.040:ERROR:process_memory_win.cc(73)] ReadMemory at 0xdab07fd000 of 12288 bytes failed: 仅完成部分的 ReadProcessMemory 或 WriteProcessMemory 请求。 (0x12B)
[0511/165751.040:ERROR:process_memory_win.cc(73)] ReadMemory at 0xdab0ffd000 of 12288 bytes failed: 仅完成部分的 ReadProcessMemory 或 WriteProcessMemory 请求。 (0x12B)
[0511/165751.040:ERROR:process_memory_win.cc(73)] ReadMemory at 0xdab17fd000 of 12288 bytes failed: 仅完成部分的 ReadProcessMemory 或 WriteProcessMemory 请求。 (0x12B)
[0511/165751.040:ERROR:process_memory_win.cc(73)] ReadMemory at 0xdaa970a000 of 852 bytes failed: 仅完成部分的 ReadProcessMemory 或 WriteProcessMemory 请求。 (0x12B)
[0511/165751.041:ERROR:process_memory_win.cc(73)] ReadMemory at 0xdaa970b000 of 6024 bytes failed: 仅完成部分的 ReadProcessMemory 或 WriteProcessMemory 请求。 (0x12B)
[0511/165751.041:ERROR:process_memory_win.cc(73)] ReadMemory at 0xdaa970d000 of 6024 bytes failed: 仅完成部分的 ReadProcessMemory 或 WriteProcessMemory 请求。 (0x12B)
[0511/165751.041:ERROR:process_memory_win.cc(73)] ReadMemory at 0xdaa970f000 of 6024 bytes failed: 仅完成部分的 ReadProcessMemory 或 WriteProcessMemory 请求。 (0x12B)
[0511/165751.041:ERROR:process_memory_win.cc(73)] ReadMemory at 0xdaa9711000 of 6024 bytes failed: 仅完成部分的 ReadProcessMemory 或 WriteProcessMemory 请求。 (0x12B)
[0511/165751.041:ERROR:process_memory_win.cc(73)] ReadMemory at 0xdaa9713000 of 6024 bytes failed: 仅完成部分的 ReadProcessMemory 或 WriteProcessMemory 请求。 (0x12B)
[0511/165751.041:ERROR:process_memory_win.cc(73)] ReadMemory at 0xdaa9715000 of 6024 bytes failed: 仅完成部分的 ReadProcessMemory 或 WriteProcessMemory 请求。 (0x12B)
[0511/165751.041:ERROR:process_memory_win.cc(73)] ReadMemory at 0xdaa9717000 of 6024 bytes failed: 仅完成部分的 ReadProcessMemory 或 WriteProcessMemory 请求。 (0x12B)
[0511/165751.041:ERROR:process_memory_win.cc(73)] ReadMemory at 0xdaa9719000 of 6024 bytes failed: 仅完成部分的 ReadProcessMemory 或 WriteProcessMemory 请求。 (0x12B)
[0511/165751.041:ERROR:process_memory_win.cc(73)] ReadMemory at 0xdaa971b000 of 6024 bytes failed: 仅完成部分的 ReadProcessMemory 或 WriteProcessMemory 请求。 (0x12B)
[0511/165751.041:ERROR:process_memory_win.cc(73)] ReadMemory at 0xdaa971d000 of 6024 bytes failed: 仅完成部分的 ReadProcessMemory 或 WriteProcessMemory 请求。 (0x12B)
[0511/165751.042:ERROR:process_memory_win.cc(73)] ReadMemory at 0xdaa971f000 of 6024 bytes failed: 仅完成部分的 ReadProcessMemory 或 WriteProcessMemory 请求。 (0x12B)
[0511/165751.042:ERROR:process_memory_win.cc(73)] ReadMemory at 0xdaa9721000 of 6024 bytes failed: 仅完成部分的 ReadProcessMemory 或 WriteProcessMemory 请求。 (0x12B)
[0511/165751.042:ERROR:process_memory_win.cc(73)] ReadMemory at 0xdaa9723000 of 6024 bytes failed: 仅完成部分的 ReadProcessMemory 或 WriteProcessMemory 请求。 (0x12B)
[0511/165751.042:ERROR:process_memory_win.cc(73)] ReadMemory at 0xdaa9725000 of 6024 bytes failed: 仅完成部分的 ReadProcessMemory 或 WriteProcessMemory 请求。 (0x12B)
[0511/165751.042:ERROR:process_memory_win.cc(73)] ReadMemory at 0xdaa9727000 of 6024 bytes failed: 仅完成部分的 ReadProcessMemory 或 WriteProcessMemory 请求。 (0x12B)
[0511/165751.042:ERROR:process_memory_win.cc(73)] ReadMemory at 0xdaa9729000 of 6024 bytes failed: 仅完成部分的 ReadProcessMemory 或 WriteProcessMemory 请求。 (0x12B)
[0511/165751.042:ERROR:process_memory_win.cc(73)] ReadMemory at 0x21782670fe0 of 4140 bytes failed: 仅完成部分的 ReadProcessMemory 或 WriteProcessMemory 请求。 (0x12B)
[0511/165751.042:ERROR:process_memory_win.cc(73)] ReadMemory at 0x21782672020 of 1012 bytes failed: 仅完成部分的 ReadProcessMemory 或 WriteProcessMemory 请求。 (0x12B)
[0511/165751.042:ERROR:process_memory_win.cc(73)] ReadMemory at 0x21782672668 of 118 bytes failed: 仅完成部分的 ReadProcessMemory 或 WriteProcessMemory 请求。 (0x12B)
[0511/165751.042:ERROR:process_memory_win.cc(73)] ReadMemory at 0x217826726e0 of 756 bytes failed: 仅完成部分的 ReadProcessMemory 或 WriteProcessMemory 请求。 (0x12B)
[0511/165751.042:ERROR:process_memory_win.cc(73)] ReadMemory at 0x217826729d6 of 118 bytes failed: 仅完成部分的 ReadProcessMemory 或 WriteProcessMemory 请求。 (0x12B)
[0511/165751.042:ERROR:process_memory_win.cc(73)] ReadMemory at 0x21782672a4e of 94 bytes failed: 仅完成部分的 ReadProcessMemory 或 WriteProcessMemory 请求。 (0x12B)
[0511/165751.042:ERROR:process_memory_win.cc(73)] ReadMemory at 0x21782672ac0 of 58 bytes failed: 仅完成部分的 ReadProcessMemory 或 WriteProcessMemory 请求。 (0x12B)
[0511/165751.042:ERROR:process_memory_win.cc(73)] ReadMemory at 0x21782672bc0 of 132 bytes failed: 仅完成部分的 ReadProcessMemory 或 WriteProcessMemory 请求。 (0x12B)
[0511/165751.042:ERROR:process_memory_win.cc(73)] ReadMemory at 0x21782672d50 of 132 bytes failed: 仅完成部分的 ReadProcessMemory 或 WriteProcessMemory 请求。 (0x12B)
[0511/165751.043:ERROR:process_memory_win.cc(73)] ReadMemory at 0x21782672f10 of 126 bytes failed: 仅完成部分的 ReadProcessMemory 或 WriteProcessMemory 请求。 (0x12B)
[0511/165751.043:ERROR:process_memory_win.cc(73)] ReadMemory at 0x217826732f0 of 132 bytes failed: 仅完成部分的 ReadProcessMemory 或 WriteProcessMemory 请求。 (0x12B)
[0511/165751.043:ERROR:process_memory_win.cc(73)] ReadMemory at 0x21782673480 of 64 bytes failed: 仅完成部分的 ReadProcessMemory 或 WriteProcessMemory 请求。 (0x12B)
[0511/165751.043:ERROR:process_memory_win.cc(73)] ReadMemory at 0x217826734d0 of 132 bytes failed: 仅完成部分的 ReadProcessMemory 或 WriteProcessMemory 请求。 (0x12B)
[0511/165751.043:ERROR:process_memory_win.cc(73)] ReadMemory at 0x21782673640 of 132 bytes failed: 仅完成部分的 ReadProcessMemory 或 WriteProcessMemory 请求。 (0x12B)
[0511/165751.043:ERROR:process_memory_win.cc(73)] ReadMemory at 0x217826738e0 of 132 bytes failed: 仅完成部分的 ReadProcessMemory 或 WriteProcessMemory 请求。 (0x12B)
[0511/165751.043:ERROR:process_memory_win.cc(73)] ReadMemory at 0x21782673a70 of 68 bytes failed: 仅完成部分的 ReadProcessMemory 或 WriteProcessMemory 请求。 (0x12B)
[0511/165751.043:ERROR:process_memory_win.cc(73)] ReadMemory at 0x21782674a00 of 146 bytes failed: 仅完成部分的 ReadProcessMemory 或 WriteProcessMemory 请求。 (0x12B)
[0511/165751.043:ERROR:process_memory_win.cc(73)] ReadMemory at 0x21782674ae0 of 132 bytes failed: 仅完成部分的 ReadProcessMemory 或 WriteProcessMemory 请求。 (0x12B)
[0511/165751.043:ERROR:process_memory_win.cc(73)] ReadMemory at 0x21782674c70 of 154 bytes failed: 仅完成部分的 ReadProcessMemory 或 WriteProcessMemory 请求。 (0x12B)
[0511/165751.043:ERROR:process_memory_win.cc(73)] ReadMemory at 0x21782675a50 of 62 bytes failed: 仅完成部分的 ReadProcessMemory 或 WriteProcessMemory 请求。 (0x12B)
[0511/165751.043:ERROR:process_memory_win.cc(73)] ReadMemory at 0x21782675aa0 of 132 bytes failed: 仅完成部分的 ReadProcessMemory 或 WriteProcessMemory 请求。 (0x12B)
[0511/165751.043:ERROR:process_memory_win.cc(73)] ReadMemory at 0x21782675c40 of 132 bytes failed: 仅完成部分的 ReadProcessMemory 或 WriteProcessMemory 请求。 (0x12B)
[0511/165751.043:ERROR:process_memory_win.cc(73)] ReadMemory at 0x217826762e0 of 60 bytes failed: 仅完成部分的 ReadProcessMemory 或 WriteProcessMemory 请求。 (0x12B)
[0511/165751.043:ERROR:process_memory_win.cc(73)] ReadMemory at 0x2178267651c of 512 bytes failed: 仅完成部分的 ReadProcessMemory 或 WriteProcessMemory 请求。 (0x12B)
[0511/165751.044:ERROR:process_memory_win.cc(73)] ReadMemory at 0x21782678ee0 of 132 bytes failed: 仅完成部分的 ReadProcessMemory 或 WriteProcessMemory 请求。 (0x12B)
[0511/165751.044:ERROR:process_memory_win.cc(73)] ReadMemory at 0x21782679100 of 132 bytes failed: 仅完成部分的 ReadProcessMemory 或 WriteProcessMemory 请求。 (0x12B)
[0511/165751.044:ERROR:process_memory_win.cc(73)] ReadMemory at 0x21782679460 of 132 bytes failed: 仅完成部分的 ReadProcessMemory 或 WriteProcessMemory 请求。 (0x12B)
[0511/165751.044:ERROR:process_memory_win.cc(73)] ReadMemory at 0x21782679670 of 132 bytes failed: 仅完成部分的 ReadProcessMemory 或 WriteProcessMemory 请求。 (0x12B)
[0511/165751.044:ERROR:process_memory_win.cc(73)] ReadMemory at 0x2178267a260 of 132 bytes failed: 仅完成部分的 ReadProcessMemory 或 WriteProcessMemory 请求。 (0x12B)
[0511/165751.044:ERROR:process_memory_win.cc(73)] ReadMemory at 0x2178267a3f0 of 80 bytes failed: 仅完成部分的 ReadProcessMemory 或 WriteProcessMemory 请求。 (0x12B)
[0511/165751.044:ERROR:process_memory_win.cc(73)] ReadMemory at 0x2178267a790 of 62 bytes failed: 仅完成部分的 ReadProcessMemory 或 WriteProcessMemory 请求。 (0x12B)
[0511/165751.044:ERROR:process_memory_win.cc(73)] ReadMemory at 0x2178267a7e0 of 60 bytes failed: 仅完成部分的 ReadProcessMemory 或 WriteProcessMemory 请求。 (0x12B)
[0511/165751.044:ERROR:process_memory_win.cc(73)] ReadMemory at 0x2178267a9c0 of 64 bytes failed: 仅完成部分的 ReadProcessMemory 或 WriteProcessMemory 请求。 (0x12B)
[0511/165751.044:ERROR:process_memory_win.cc(73)] ReadMemory at 0x2178267aa10 of 64 bytes failed: 仅完成部分的 ReadProcessMemory 或 WriteProcessMemory 请求。 (0x12B)
[0511/165751.045:ERROR:process_memory_win.cc(73)] ReadMemory at 0x2178267ab00 of 64 bytes failed: 仅完成部分的 ReadProcessMemory 或 WriteProcessMemory 请求。 (0x12B)
[0511/165751.045:ERROR:process_memory_win.cc(73)] ReadMemory at 0x2178267ab50 of 62 bytes failed: 仅完成部分的 ReadProcessMemory 或 WriteProcessMemory 请求。 (0x12B)
[0511/165751.045:ERROR:process_memory_win.cc(73)] ReadMemory at 0x2178267aba0 of 66 bytes failed: 仅完成部分的 ReadProcessMemory 或 WriteProcessMemory 请求。 (0x12B)
[0511/165751.045:ERROR:process_memory_win.cc(73)] ReadMemory at 0x2178267ac40 of 60 bytes failed: 仅完成部分的 ReadProcessMemory 或 WriteProcessMemory 请求。 (0x12B)
[0511/165751.045:ERROR:process_memory_win.cc(73)] ReadMemory at 0x2178267ac90 of 64 bytes failed: 仅完成部分的 ReadProcessMemory 或 WriteProcessMemory 请求。 (0x12B)
[0511/165751.045:ERROR:process_memory_win.cc(73)] ReadMemory at 0x2178267ad70 of 132 bytes failed: 仅完成部分的 ReadProcessMemory 或 WriteProcessMemory 请求。 (0x12B)
[0511/165751.045:ERROR:process_memory_win.cc(73)] ReadMemory at 0x2178267afd0 of 132 bytes failed: 仅完成部分的 ReadProcessMemory 或 WriteProcessMemory 请求。 (0x12B)
[0511/165751.045:ERROR:process_memory_win.cc(73)] ReadMemory at 0x2178267b360 of 132 bytes failed: 仅完成部分的 ReadProcessMemory 或 WriteProcessMemory 请求。 (0x12B)
[0511/165751.045:ERROR:process_memory_win.cc(73)] ReadMemory at 0x2178267ba80 of 132 bytes failed: 仅完成部分的 ReadProcessMemory 或 WriteProcessMemory 请求。 (0x12B)
[0511/165751.045:ERROR:process_memory_win.cc(73)] ReadMemory at 0x2178267bbb0 of 132 bytes failed: 仅完成部分的 ReadProcessMemory 或 WriteProcessMemory 请求。 (0x12B)
[0511/165751.045:ERROR:process_memory_win.cc(73)] ReadMemory at 0x2178267bce0 of 132 bytes failed: 仅完成部分的 ReadProcessMemory 或 WriteProcessMemory 请求。 (0x12B)
[0511/165751.045:ERROR:process_memory_win.cc(73)] ReadMemory at 0x2178267be10 of 132 bytes failed: 仅完成部分的 ReadProcessMemory 或 WriteProcessMemory 请求。 (0x12B)
[0511/165751.045:ERROR:process_memory_win.cc(73)] ReadMemory at 0x2178267c070 of 132 bytes failed: 仅完成部分的 ReadProcessMemory 或 WriteProcessMemory 请求。 (0x12B)
[0511/165751.045:ERROR:process_memory_win.cc(73)] ReadMemory at 0x2178267c660 of 132 bytes failed: 仅完成部分的 ReadProcessMemory 或 WriteProcessMemory 请求。 (0x12B)
[0511/165751.046:ERROR:process_memory_win.cc(73)] ReadMemory at 0x2178267c8c0 of 132 bytes failed: 仅完成部分的 ReadProcessMemory 或 WriteProcessMemory 请求。 (0x12B)
[0511/165751.046:ERROR:process_memory_win.cc(73)] ReadMemory at 0x2178267e230 of 132 bytes failed: 仅完成部分的 ReadProcessMemory 或 WriteProcessMemory 请求。 (0x12B)
[0511/165751.046:ERROR:process_memory_win.cc(73)] ReadMemory at 0x21782681000 of 132 bytes failed: 仅完成部分的 ReadProcessMemory 或 WriteProcessMemory 请求。 (0x12B)
[0511/165751.046:ERROR:process_memory_win.cc(73)] ReadMemory at 0x21782681350 of 132 bytes failed: 仅完成部分的 ReadProcessMemory 或 WriteProcessMemory 请求。 (0x12B)
[0511/165751.046:ERROR:process_memory_win.cc(73)] ReadMemory at 0x21782683490 of 54 bytes failed: 仅完成部分的 ReadProcessMemory 或 WriteProcessMemory 请求。 (0x12B)
[0511/165751.046:ERROR:process_memory_win.cc(73)] ReadMemory at 0x21782683fd0 of 132 bytes failed: 仅完成部分的 ReadProcessMemory 或 WriteProcessMemory 请求。 (0x12B)
[0511/165751.046:ERROR:process_memory_win.cc(73)] ReadMemory at 0x21782684100 of 132 bytes failed: 仅完成部分的 ReadProcessMemory 或 WriteProcessMemory 请求。 (0x12B)
[0511/165751.046:ERROR:process_memory_win.cc(73)] ReadMemory at 0x21782684230 of 132 bytes failed: 仅完成部分的 ReadProcessMemory 或 WriteProcessMemory 请求。 (0x12B)
[0511/165751.046:ERROR:process_memory_win.cc(73)] ReadMemory at 0x21782684360 of 132 bytes failed: 仅完成部分的 ReadProcessMemory 或 WriteProcessMemory 请求。 (0x12B)
[0511/165751.046:ERROR:process_memory_win.cc(73)] ReadMemory at 0x21782684490 of 132 bytes failed: 仅完成部分的 ReadProcessMemory 或 WriteProcessMemory 请求。 (0x12B)
[0511/165751.046:ERROR:process_memory_win.cc(73)] ReadMemory at 0x217826845c0 of 132 bytes failed: 仅完成部分的 ReadProcessMemory 或 WriteProcessMemory 请求。 (0x12B)
[0511/165751.047:ERROR:process_memory_win.cc(73)] ReadMemory at 0x217826846f0 of 132 bytes failed: 仅完成部分的 ReadProcessMemory 或 WriteProcessMemory 请求。 (0x12B)
[0511/165751.047:ERROR:process_memory_win.cc(73)] ReadMemory at 0x21782684820 of 132 bytes failed: 仅完成部分的 ReadProcessMemory 或 WriteProcessMemory 请求。 (0x12B)
[0511/165751.047:ERROR:process_memory_win.cc(73)] ReadMemory at 0x21782684950 of 132 bytes failed: 仅完成部分的 ReadProcessMemory 或 WriteProcessMemory 请求。 (0x12B)
[0511/165751.047:ERROR:process_memory_win.cc(73)] ReadMemory at 0x21782684a80 of 132 bytes failed: 仅完成部分的 ReadProcessMemory 或 WriteProcessMemory 请求。 (0x12B)
[0511/165751.047:ERROR:process_memory_win.cc(73)] ReadMemory at 0x21782684ce0 of 132 bytes failed: 仅完成部分的 ReadProcessMemory 或 WriteProcessMemory 请求。 (0x12B)
[0511/165751.047:ERROR:process_memory_win.cc(73)] ReadMemory at 0x21782684e10 of 132 bytes failed: 仅完成部分的 ReadProcessMemory 或 WriteProcessMemory 请求。 (0x12B)
[0511/165751.047:ERROR:process_memory_win.cc(73)] ReadMemory at 0x21782685220 of 76 bytes failed: 仅完成部分的 ReadProcessMemory 或 WriteProcessMemory 请求。 (0x12B)
[0511/165751.047:ERROR:process_memory_win.cc(73)] ReadMemory at 0x21782685dc0 of 80 bytes failed: 仅完成部分的 ReadProcessMemory 或 WriteProcessMemory 请求。 (0x12B)
[0511/165751.047:ERROR:process_memory_win.cc(73)] ReadMemory at 0x21782686090 of 62 bytes failed: 仅完成部分的 ReadProcessMemory 或 WriteProcessMemory 请求。 (0x12B)
[0511/165751.047:ERROR:process_memory_win.cc(73)] ReadMemory at 0x21782686130 of 60 bytes failed: 仅完成部分的 ReadProcessMemory 或 WriteProcessMemory 请求。 (0x12B)
[0511/165751.047:ERROR:process_memory_win.cc(73)] ReadMemory at 0x217826861d0 of 60 bytes failed: 仅完成部分的 ReadProcessMemory 或 WriteProcessMemory 请求。 (0x12B)
[0511/165751.047:ERROR:process_memory_win.cc(73)] ReadMemory at 0x21782686220 of 62 bytes failed: 仅完成部分的 ReadProcessMemory 或 WriteProcessMemory 请求。 (0x12B)
[0511/165751.047:ERROR:process_memory_win.cc(73)] ReadMemory at 0x21782686360 of 58 bytes failed: 仅完成部分的 ReadProcessMemory 或 WriteProcessMemory 请求。 (0x12B)
[0511/165751.047:ERROR:process_memory_win.cc(73)] ReadMemory at 0x217826863b0 of 62 bytes failed: 仅完成部分的 ReadProcessMemory 或 WriteProcessMemory 请求。 (0x12B)
[0511/165751.047:ERROR:process_memory_win.cc(73)] ReadMemory at 0x217826864a0 of 64 bytes failed: 仅完成部分的 ReadProcessMemory 或 WriteProcessMemory 请求。 (0x12B)
[0511/165751.047:ERROR:process_memory_win.cc(73)] ReadMemory at 0x217826864f0 of 62 bytes failed: 仅完成部分的 ReadProcessMemory 或 WriteProcessMemory 请求。 (0x12B)
[0511/165751.047:ERROR:process_memory_win.cc(73)] ReadMemory at 0x21782686540 of 64 bytes failed: 仅完成部分的 ReadProcessMemory 或 WriteProcessMemory 请求。 (0x12B)
[0511/165751.047:ERROR:process_memory_win.cc(73)] ReadMemory at 0x217826865e0 of 62 bytes failed: 仅完成部分的 ReadProcessMemory 或 WriteProcessMemory 请求。 (0x12B)
[0511/165751.047:ERROR:process_memory_win.cc(73)] ReadMemory at 0x21782686680 of 60 bytes failed: 仅完成部分的 ReadProcessMemory 或 WriteProcessMemory 请求。 (0x12B)
[0511/165751.048:ERROR:process_memory_win.cc(73)] ReadMemory at 0x21782686810 of 66 bytes failed: 仅完成部分的 ReadProcessMemory 或 WriteProcessMemory 请求。 (0x12B)
[0511/165751.048:ERROR:process_memory_win.cc(73)] ReadMemory at 0x21782686950 of 64 bytes failed: 仅完成部分的 ReadProcessMemory 或 WriteProcessMemory 请求。 (0x12B)
[0511/165751.048:ERROR:process_memory_win.cc(73)] ReadMemory at 0x217826869f0 of 62 bytes failed: 仅完成部分的 ReadProcessMemory 或 WriteProcessMemory 请求。 (0x12B)
[0511/165751.048:ERROR:process_memory_win.cc(73)] ReadMemory at 0x21782686bd0 of 62 bytes failed: 仅完成部分的 ReadProcessMemory 或 WriteProcessMemory 请求。 (0x12B)
[0511/165751.048:ERROR:process_memory_win.cc(73)] ReadMemory at 0x21782686c20 of 60 bytes failed: 仅完成部分的 ReadProcessMemory 或 WriteProcessMemory 请求。 (0x12B)
[0511/165751.048:ERROR:process_memory_win.cc(73)] ReadMemory at 0x21782686d10 of 64 bytes failed: 仅完成部分的 ReadProcessMemory 或 WriteProcessMemory 请求。 (0x12B)
[0511/165751.048:ERROR:process_memory_win.cc(73)] ReadMemory at 0x21782686d60 of 62 bytes failed: 仅完成部分的 ReadProcessMemory 或 WriteProcessMemory 请求。 (0x12B)
[0511/165751.048:ERROR:process_memory_win.cc(73)] ReadMemory at 0x2178269e3d0 of 512 bytes failed: 仅完成部分的 ReadProcessMemory 或 WriteProcessMemory 请求。 (0x12B)
[0511/165751.048:ERROR:process_memory_win.cc(73)] ReadMemory at 0x217826a04e0 of 512 bytes failed: 仅完成部分的 ReadProcessMemory 或 WriteProcessMemory 请求。 (0x12B)
[0511/165751.048:ERROR:process_memory_win.cc(73)] ReadMemory at 0x21782841c00 of 512 bytes failed: 仅完成部分的 ReadProcessMemory 或 WriteProcessMemory 请求。 (0x12B)
[0511/165751.048:ERROR:process_memory_win.cc(73)] ReadMemory at 0x217829660b0 of 512 bytes failed: 仅完成部分的 ReadProcessMemory 或 WriteProcessMemory 请求。 (0x12B)
[0511/165751.048:ERROR:process_memory_win.cc(73)] ReadMemory at 0x217829668f0 of 512 bytes failed: 仅完成部分的 ReadProcessMemory 或 WriteProcessMemory 请求。 (0x12B)
[0511/165751.048:ERROR:process_memory_win.cc(73)] ReadMemory at 0x21782973130 of 512 bytes failed: 仅完成部分的 ReadProcessMemory 或 WriteProcessMemory 请求。 (0x12B)
[0511/165751.048:ERROR:process_memory_win.cc(73)] ReadMemory at 0x21782988070 of 512 bytes failed: 仅完成部分的 ReadProcessMemory 或 WriteProcessMemory 请求。 (0x12B)
[0511/165751.048:ERROR:process_memory_win.cc(73)] ReadMemory at 0x2178298baa0 of 712 bytes failed: 仅完成部分的 ReadProcessMemory 或 WriteProcessMemory 请求。 (0x12B)
[0511/165751.048:ERROR:process_memory_win.cc(73)] ReadMemory at 0x217829a2dc8 of 512 bytes failed: 仅完成部分的 ReadProcessMemory 或 WriteProcessMemory 请求。 (0x12B)
[0511/165751.048:ERROR:process_memory_win.cc(73)] ReadMemory at 0x217829a3518 of 656 bytes failed: 仅完成部分的 ReadProcessMemory 或 WriteProcessMemory 请求。 (0x12B)
[0511/165751.049:ERROR:process_memory_win.cc(73)] ReadMemory at 0x217829a3c68 of 512 bytes failed: 仅完成部分的 ReadProcessMemory 或 WriteProcessMemory 请求。 (0x12B)
[0511/165751.049:ERROR:process_memory_win.cc(73)] ReadMemory at 0x217829a3ea8 of 512 bytes failed: 仅完成部分的 ReadProcessMemory 或 WriteProcessMemory 请求。 (0x12B)
[0511/165751.049:ERROR:process_memory_win.cc(73)] ReadMemory at 0x217829db380 of 512 bytes failed: 仅完成部分的 ReadProcessMemory 或 WriteProcessMemory 请求。 (0x12B)
[0511/165751.049:ERROR:process_memory_win.cc(73)] ReadMemory at 0x217829e3538 of 512 bytes failed: 仅完成部分的 ReadProcessMemory 或 WriteProcessMemory 请求。 (0x12B)
[0511/165751.049:ERROR:process_memory_win.cc(73)] ReadMemory at 0x217829e8b88 of 512 bytes failed: 仅完成部分的 ReadProcessMemory 或 WriteProcessMemory 请求。 (0x12B)
[0511/165751.049:ERROR:process_memory_win.cc(73)] ReadMemory at 0x21784820000 of 384 bytes failed: 仅完成部分的 ReadProcessMemory 或 WriteProcessMemory 请求。 (0x12B)
[0511/165751.049:ERROR:process_memory_win.cc(73)] ReadMemory at 0x2178487ada0 of 512 bytes failed: 仅完成部分的 ReadProcessMemory 或 WriteProcessMemory 请求。 (0x12B)
[0511/165751.049:ERROR:process_memory_win.cc(73)] ReadMemory at 0x2178487ebf0 of 512 bytes failed: 仅完成部分的 ReadProcessMemory 或 WriteProcessMemory 请求。 (0x12B)
[0511/165751.049:ERROR:process_memory_win.cc(73)] ReadMemory at 0x2178489d2f0 of 512 bytes failed: 仅完成部分的 ReadProcessMemory 或 WriteProcessMemory 请求。 (0x12B)
[0511/165751.049:ERROR:process_memory_win.cc(73)] ReadMemory at 0x217849ebf50 of 512 bytes failed: 仅完成部分的 ReadProcessMemory 或 WriteProcessMemory 请求。 (0x12B)
[0511/165751.049:ERROR:process_memory_win.cc(73)] ReadMemory at 0x7ffdab96054c of 512 bytes failed: 仅完成部分的 ReadProcessMemory 或 WriteProcessMemory 请求。 (0x12B)
[0511/165751.049:ERROR:process_memory_win.cc(73)] ReadMemory at 0x7ffdac00e98e of 553 bytes failed: 仅完成部分的 ReadProcessMemory 或 WriteProcessMemory 请求。 (0x12B)
[0511/165751.049:ERROR:process_memory_win.cc(73)] ReadMemory at 0x7ffdf25eb6e0 of 512 bytes failed: 仅完成部分的 ReadProcessMemory 或 WriteProcessMemory 请求。 (0x12B)
[0511/165751.049:ERROR:process_memory_win.cc(73)] ReadMemory at 0x7ffdf4c9c074 of 672 bytes failed: 仅完成部分的 ReadProcessMemory 或 WriteProcessMemory 请求。 (0x12B)
[0511/165751.049:ERROR:process_memory_win.cc(73)] ReadMemory at 0x7ffdf4c9c674 of 512 bytes failed: 仅完成部分的 ReadProcessMemory 或 WriteProcessMemory 请求。 (0x12B)
[0511/165751.049:ERROR:process_memory_win.cc(73)] ReadMemory at 0x7ffdf4c9f924 of 608 bytes failed: 仅完成部分的 ReadProcessMemory 或 WriteProcessMemory 请求。 (0x12B)
[0511/165751.049:ERROR:process_memory_win.cc(73)] ReadMemory at 0x7ffdf4d2c428 of 18 bytes failed: 仅完成部分的 ReadProcessMemory 或 WriteProcessMemory 请求。 (0x12B)
[0511/165751.049:ERROR:process_memory_win.cc(73)] ReadMemory at 0x7ffdf4d5f4f8 of 40 bytes failed: 仅完成部分的 ReadProcessMemory 或 WriteProcessMemory 请求。 (0x12B)
[0511/165751.049:ERROR:process_memory_win.cc(73)] ReadMemory at 0x7ffdf4d5f978 of 48 bytes failed: 仅完成部分的 ReadProcessMemory 或 WriteProcessMemory 请求。 (0x12B)
[0511/165751.049:ERROR:process_memory_win.cc(73)] ReadMemory at 0x7ffdf4d653c0 of 64 bytes failed: 仅完成部分的 ReadProcessMemory 或 WriteProcessMemory 请求。 (0x12B)
[0511/165751.053:ERROR:scoped_process_suspend.cc(40)] NtResumeProcess: 已尝试访问正在退出的过程。 (0xc000010a)
[0615/192143.373:ERROR:process_reader_win.cc(151)] SuspendThread: 拒绝访问。 (0x5)
[0615/192143.376:ERROR:exception_snapshot_win.cc(98)] thread ID 9268 not found in process
[0615/192143.376:ERROR:scoped_process_suspend.cc(40)] NtResumeProcess: 已尝试访问正在退出的过程。 (0xc000010a)
[0617/174411.513:ERROR:settings.cc(320)] Settings magic is not 1129342067
[1107/085912.031:ERROR:directory_reader_win.cc(43)] FindFirstFile: 系统找不到指定的路径。 (0x3)
[1109/090354.998:ERROR:directory_reader_win.cc(43)] FindFirstFile: 系统找不到指定的路径。 (0x3)
[1109/191813.781:ERROR:directory_reader_win.cc(43)] FindFirstFile: 系统找不到指定的路径。 (0x3)
[1110/085414.068:ERROR:directory_reader_win.cc(43)] FindFirstFile: 系统找不到指定的路径。 (0x3)
[1111/085346.031:ERROR:directory_reader_win.cc(43)] FindFirstFile: 系统找不到指定的路径。 (0x3)
[1112/091024.781:ERROR:directory_reader_win.cc(43)] FindFirstFile: 系统找不到指定的路径。 (0x3)
[1117/144006.760:ERROR:directory_reader_win.cc(43)] FindFirstFile: 系统找不到指定的路径。 (0x3)
[1117/153427.193:ERROR:directory_reader_win.cc(43)] FindFirstFile: 系统找不到指定的路径。 (0x3)
[1118/090549.335:ERROR:directory_reader_win.cc(43)] FindFirstFile: 系统找不到指定的路径。 (0x3)
[1119/090048.430:ERROR:directory_reader_win.cc(43)] FindFirstFile: 系统找不到指定的路径。 (0x3)
[1120/135053.710:ERROR:directory_reader_win.cc(43)] FindFirstFile: 系统找不到指定的路径。 (0x3)
[1121/091630.262:ERROR:directory_reader_win.cc(43)] FindFirstFile: 系统找不到指定的路径。 (0x3)
[1123/094108.622:ERROR:directory_reader_win.cc(43)] FindFirstFile: 系统找不到指定的路径。 (0x3)
[1123/144710.416:ERROR:directory_reader_win.cc(43)] FindFirstFile: 系统找不到指定的路径。 (0x3)
[1123/171910.077:ERROR:directory_reader_win.cc(43)] FindFirstFile: 系统找不到指定的路径。 (0x3)
[1124/141553.723:ERROR:directory_reader_win.cc(43)] FindFirstFile: 系统找不到指定的路径。 (0x3)
[1126/091600.784:ERROR:directory_reader_win.cc(43)] FindFirstFile: 系统找不到指定的路径。 (0x3)
[1126/150832.212:ERROR:directory_reader_win.cc(43)] FindFirstFile: 系统找不到指定的路径。 (0x3)
[1127/084914.515:ERROR:directory_reader_win.cc(43)] FindFirstFile: 系统找不到指定的路径。 (0x3)
[1128/085239.166:ERROR:directory_reader_win.cc(43)] FindFirstFile: 系统找不到指定的路径。 (0x3)
[1201/120521.271:ERROR:directory_reader_win.cc(43)] FindFirstFile: 系统找不到指定的路径。 (0x3)
[1201/135457.500:ERROR:directory_reader_win.cc(43)] FindFirstFile: 系统找不到指定的路径。 (0x3)
[1201/154605.615:ERROR:directory_reader_win.cc(43)] FindFirstFile: 系统找不到指定的路径。 (0x3)
[1202/150106.920:ERROR:directory_reader_win.cc(43)] FindFirstFile: 系统找不到指定的路径。 (0x3)
[1203/112521.914:ERROR:directory_reader_win.cc(43)] FindFirstFile: 系统找不到指定的路径。 (0x3)
[1203/152531.251:ERROR:directory_reader_win.cc(43)] FindFirstFile: 系统找不到指定的路径。 (0x3)
[1203/160621.496:ERROR:directory_reader_win.cc(43)] FindFirstFile: 系统找不到指定的路径。 (0x3)
[1203/171409.423:ERROR:directory_reader_win.cc(43)] FindFirstFile: 系统找不到指定的路径。 (0x3)
[1204/113744.902:ERROR:directory_reader_win.cc(43)] FindFirstFile: 系统找不到指定的路径。 (0x3)
[1205/172802.009:ERROR:directory_reader_win.cc(43)] FindFirstFile: 系统找不到指定的路径。 (0x3)
[1207/192730.572:ERROR:directory_reader_win.cc(43)] FindFirstFile: 系统找不到指定的路径。 (0x3)
[1209/100245.713:ERROR:directory_reader_win.cc(43)] FindFirstFile: 系统找不到指定的路径。 (0x3)
[1215/084659.959:ERROR:directory_reader_win.cc(43)] FindFirstFile: 系统找不到指定的路径。 (0x3)
[1215/204013.234:ERROR:directory_reader_win.cc(43)] FindFirstFile: 系统找不到指定的路径。 (0x3)
[1216/152614.187:ERROR:process_reader_win.cc(151)] SuspendThread: 拒绝访问。 (0x5)
[1216/152614.192:ERROR:exception_snapshot_win.cc(99)] thread ID 13456 not found in process
[1216/152614.192:ERROR:scoped_process_suspend.cc(40)] NtResumeProcess: 已尝试访问正在退出的过程。 (0xc000010a)
[1216/152953.357:ERROR:directory_reader_win.cc(43)] FindFirstFile: 系统找不到指定的路径。 (0x3)
[1216/154318.768:ERROR:directory_reader_win.cc(43)] FindFirstFile: 系统找不到指定的路径。 (0x3)
[1218/162829.117:ERROR:directory_reader_win.cc(43)] FindFirstFile: 系统找不到指定的路径。 (0x3)
[1219/090736.143:ERROR:directory_reader_win.cc(43)] FindFirstFile: 系统找不到指定的路径。 (0x3)
[1219/111718.950:ERROR:directory_reader_win.cc(43)] FindFirstFile: 系统找不到指定的路径。 (0x3)
[1222/085827.030:ERROR:directory_reader_win.cc(43)] FindFirstFile: 系统找不到指定的路径。 (0x3)
[1225/090011.122:ERROR:directory_reader_win.cc(43)] FindFirstFile: 系统找不到指定的路径。 (0x3)
[1226/084824.301:ERROR:directory_reader_win.cc(43)] FindFirstFile: 系统找不到指定的路径。 (0x3)
[1228/085812.030:ERROR:directory_reader_win.cc(43)] FindFirstFile: 系统找不到指定的路径。 (0x3)
[1229/084229.006:ERROR:directory_reader_win.cc(43)] FindFirstFile: 系统找不到指定的路径。 (0x3)
[1229/164713.071:ERROR:directory_reader_win.cc(43)] FindFirstFile: 系统找不到指定的路径。 (0x3)
[1229/171839.738:ERROR:directory_reader_win.cc(43)] FindFirstFile: 系统找不到指定的路径。 (0x3)
[1230/083937.484:ERROR:directory_reader_win.cc(43)] FindFirstFile: 系统找不到指定的路径。 (0x3)
[0105/085824.186:ERROR:directory_reader_win.cc(43)] FindFirstFile: 系统找不到指定的路径。 (0x3)
[0106/085639.672:ERROR:directory_reader_win.cc(43)] FindFirstFile: 系统找不到指定的路径。 (0x3)
[0107/164901.627:ERROR:directory_reader_win.cc(43)] FindFirstFile: 系统找不到指定的路径。 (0x3)
[0108/090121.456:ERROR:directory_reader_win.cc(43)] FindFirstFile: 系统找不到指定的路径。 (0x3)
[0109/090526.134:ERROR:directory_reader_win.cc(43)] FindFirstFile: 系统找不到指定的路径。 (0x3)
[0111/090945.680:ERROR:directory_reader_win.cc(43)] FindFirstFile: 系统找不到指定的路径。 (0x3)
[0112/091215.593:ERROR:directory_reader_win.cc(43)] FindFirstFile: 系统找不到指定的路径。 (0x3)
[0113/090743.519:ERROR:directory_reader_win.cc(43)] FindFirstFile: 系统找不到指定的路径。 (0x3)
[0114/085725.425:ERROR:directory_reader_win.cc(43)] FindFirstFile: 系统找不到指定的路径。 (0x3)
[0115/090041.909:ERROR:directory_reader_win.cc(43)] FindFirstFile: 系统找不到指定的路径。 (0x3)
[0116/085949.033:ERROR:directory_reader_win.cc(43)] FindFirstFile: 系统找不到指定的路径。 (0x3)
[0120/165952.153:ERROR:directory_reader_win.cc(43)] FindFirstFile: 系统找不到指定的路径。 (0x3)
[0121/091456.662:ERROR:directory_reader_win.cc(43)] FindFirstFile: 系统找不到指定的路径。 (0x3)
[0123/092940.054:ERROR:directory_reader_win.cc(43)] FindFirstFile: 系统找不到指定的路径。 (0x3)
[0123/114504.234:ERROR:directory_reader_win.cc(43)] FindFirstFile: 系统找不到指定的路径。 (0x3)
[0125/090046.921:ERROR:directory_reader_win.cc(43)] FindFirstFile: 系统找不到指定的路径。 (0x3)
[0126/090638.385:ERROR:directory_reader_win.cc(43)] FindFirstFile: 系统找不到指定的路径。 (0x3)
[0126/114503.550:ERROR:directory_reader_win.cc(43)] FindFirstFile: 系统找不到指定的路径。 (0x3)
[0127/142621.179:ERROR:directory_reader_win.cc(43)] FindFirstFile: 系统找不到指定的路径。 (0x3)
[0129/090125.458:ERROR:directory_reader_win.cc(43)] FindFirstFile: 系统找不到指定的路径。 (0x3)
[0129/205645.389:ERROR:directory_reader_win.cc(43)] FindFirstFile: 系统找不到指定的路径。 (0x3)
[0130/090031.255:ERROR:directory_reader_win.cc(43)] FindFirstFile: 系统找不到指定的路径。 (0x3)
